
> sveltekit@0.0.1 build /mnt/dev/assist-button/apps/sveltekit
> vite build


[36mvite v4.3.9 [32mbuilding SSR bundle for production...[36m[39m
transforming...

[35mðŸŒ¼ daisyUI 3.1.9[0m [0mhttps://daisyui.com
â•°â•®
 â•°â”€ [32mâœ”ï¸Ž[0m [2m[ [0m2[2m ][0m themes are enabled. You can add more themes or make your own theme:
      https://daisyui.com/docs/themes

[32m    â¤ï¸Ž Support daisyUI[0m: https://opencollective.com/daisyui[0m

[32mâœ“[39m 93 modules transformed.
rendering chunks...

[36mvite v4.3.9 [32mbuilding for production...[36m[39m
transforming...
[32mâœ“[39m 71 modules transformed.
rendering chunks...
computing gzip size...
[2m.svelte-kit/output/client/[22m[32m_app/version.json                                                    [39m[1m[2m  0.03 kB[22m[1m[22m[2m â”‚ gzip:  0.05 kB[22m
[2m.svelte-kit/output/client/[22m[32m_app/immutable/assets/roboto-vietnamese-400-normal.d2390f1a.woff     [39m[1m[2m  4.75 kB[22m[1m[22m
[2m.svelte-kit/output/client/[22m[32m_app/immutable/assets/roboto-vietnamese-400-normal.77b24796.woff2    [39m[1m[2m  5.56 kB[22m[1m[22m
[2m.svelte-kit/output/client/[22m[32m_app/immutable/assets/roboto-greek-400-normal.076b9dc1.woff          [39m[1m[2m  6.35 kB[22m[1m[22m
[2m.svelte-kit/output/client/[22m[32m_app/immutable/assets/roboto-greek-400-normal.daf51ab5.woff2         [39m[1m[2m  7.11 kB[22m[1m[22m
[2m.svelte-kit/output/client/[22m[32mvite-manifest.json                                                   [39m[1m[2m  7.70 kB[22m[1m[22m[2m â”‚ gzip:  0.85 kB[22m
[2m.svelte-kit/output/client/[22m[32m_app/immutable/assets/roboto-cyrillic-400-normal.adba67d2.woff       [39m[1m[2m  8.39 kB[22m[1m[22m
[2m.svelte-kit/output/client/[22m[32m_app/immutable/assets/roboto-cyrillic-400-normal.495d38d4.woff2      [39m[1m[2m  9.63 kB[22m[1m[22m
[2m.svelte-kit/output/client/[22m[32m_app/immutable/assets/roboto-latin-ext-400-normal.c2b94086.woff      [39m[1m[2m 10.21 kB[22m[1m[22m
[2m.svelte-kit/output/client/[22m[32m_app/immutable/assets/roboto-latin-ext-400-normal.3c23eb02.woff2     [39m[1m[2m 11.87 kB[22m[1m[22m
[2m.svelte-kit/output/client/[22m[32m_app/immutable/assets/roboto-cyrillic-ext-400-normal.0a32035a.woff   [39m[1m[2m 13.47 kB[22m[1m[22m
[2m.svelte-kit/output/client/[22m[32m_app/immutable/assets/roboto-latin-400-normal.a9fdbefa.woff          [39m[1m[2m 14.38 kB[22m[1m[22m
[2m.svelte-kit/output/client/[22m[32m_app/immutable/assets/roboto-cyrillic-ext-400-normal.b7ef2cd1.woff2  [39m[1m[2m 15.34 kB[22m[1m[22m
[2m.svelte-kit/output/client/[22m[32m_app/immutable/assets/roboto-latin-400-normal.f6734f81.woff2         [39m[1m[2m 15.74 kB[22m[1m[22m
[2m.svelte-kit/output/client/[22m[35m_app/immutable/assets/0.8d1ebf7f.css                                 [39m[1m[2m201.59 kB[22m[1m[22m[2m â”‚ gzip: 85.99 kB[22m
[2m.svelte-kit/output/client/[22m[36m_app/immutable/chunks/index.5e7feea3.js                              [39m[1m[2m  0.45 kB[22m[1m[22m[2m â”‚ gzip:  0.31 kB[22m
[2m.svelte-kit/output/client/[22m[36m_app/immutable/nodes/2.a35dfa4a.js                                   [39m[1m[2m  0.55 kB[22m[1m[22m[2m â”‚ gzip:  0.39 kB[22m
[2m.svelte-kit/output/client/[22m[36m_app/immutable/nodes/1.49449286.js                                   [39m[1m[2m  1.03 kB[22m[1m[22m[2m â”‚ gzip:  0.59 kB[22m
[2m.svelte-kit/output/client/[22m[36m_app/immutable/chunks/scheduler.b0c1c2c3.js                          [39m[1m[2m  2.16 kB[22m[1m[22m[2m â”‚ gzip:  1.02 kB[22m
[2m.svelte-kit/output/client/[22m[36m_app/immutable/chunks/singletons.c955641f.js                         [39m[1m[2m  2.46 kB[22m[1m[22m[2m â”‚ gzip:  1.26 kB[22m
[2m.svelte-kit/output/client/[22m[36m_app/immutable/entry/app.e054e7fb.js                                 [39m[1m[2m  5.73 kB[22m[1m[22m[2m â”‚ gzip:  2.24 kB[22m
[2m.svelte-kit/output/client/[22m[36m_app/immutable/chunks/index.acbb4972.js                              [39m[1m[2m  5.94 kB[22m[1m[22m[2m â”‚ gzip:  2.51 kB[22m
[2m.svelte-kit/output/client/[22m[36m_app/immutable/nodes/0.7ba2c727.js                                   [39m[1m[2m 15.18 kB[22m[1m[22m[2m â”‚ gzip:  6.11 kB[22m
[2m.svelte-kit/output/client/[22m[36m_app/immutable/entry/start.cf51d8e9.js                               [39m[1m[2m 24.06 kB[22m[1m[22m[2m â”‚ gzip:  9.54 kB[22m
[32mâœ“ built in 983ms[39m
[36mvite v4.3.9 [32mbuilding for production...[36m[39m
transforming...
[32mâœ“[39m 2 modules transformed.
rendering chunks...
computing gzip size...
[2m.svelte-kit/output/client/[22m[36mservice-worker.js  [39m[1m[2m3.88 kB[22m[1m[22m[2m â”‚ gzip: 1.09 kB[22m
[32mâœ“ built in 49ms[39m
[2m.svelte-kit/output/server/[22m[32m_app/immutable/assets/roboto-vietnamese-400-normal.d2390f1a.woff     [39m[1m[2m  4.75 kB[22m[1m[22m
[2m.svelte-kit/output/server/[22m[32m_app/immutable/assets/roboto-vietnamese-400-normal.77b24796.woff2    [39m[1m[2m  5.56 kB[22m[1m[22m
[2m.svelte-kit/output/server/[22m[32m_app/immutable/assets/roboto-greek-400-normal.076b9dc1.woff          [39m[1m[2m  6.35 kB[22m[1m[22m
[2m.svelte-kit/output/server/[22m[32m_app/immutable/assets/roboto-greek-400-normal.daf51ab5.woff2         [39m[1m[2m  7.11 kB[22m[1m[22m
[2m.svelte-kit/output/server/[22m[32mvite-manifest.json                                                   [39m[1m[2m  7.36 kB[22m[1m[22m
[2m.svelte-kit/output/server/[22m[32m_app/immutable/assets/roboto-cyrillic-400-normal.adba67d2.woff       [39m[1m[2m  8.39 kB[22m[1m[22m
[2m.svelte-kit/output/server/[22m[32m_app/immutable/assets/roboto-cyrillic-400-normal.495d38d4.woff2      [39m[1m[2m  9.63 kB[22m[1m[22m
[2m.svelte-kit/output/server/[22m[32m_app/immutable/assets/roboto-latin-ext-400-normal.c2b94086.woff      [39m[1m[2m 10.21 kB[22m[1m[22m
[2m.svelte-kit/output/server/[22m[32m_app/immutable/assets/roboto-latin-ext-400-normal.3c23eb02.woff2     [39m[1m[2m 11.87 kB[22m[1m[22m
[2m.svelte-kit/output/server/[22m[32m_app/immutable/assets/roboto-cyrillic-ext-400-normal.0a32035a.woff   [39m[1m[2m 13.47 kB[22m[1m[22m
[2m.svelte-kit/output/server/[22m[32m_app/immutable/assets/roboto-latin-400-normal.a9fdbefa.woff          [39m[1m[2m 14.38 kB[22m[1m[22m
[2m.svelte-kit/output/server/[22m[32m_app/immutable/assets/roboto-cyrillic-ext-400-normal.b7ef2cd1.woff2  [39m[1m[2m 15.34 kB[22m[1m[22m
[2m.svelte-kit/output/server/[22m[32m_app/immutable/assets/roboto-latin-400-normal.f6734f81.woff2         [39m[1m[2m 15.74 kB[22m[1m[22m
[2m.svelte-kit/output/server/[22m[35m_app/immutable/assets/_layout.3a3781aa.css                           [39m[1m[2m201.84 kB[22m[1m[22m
[2m.svelte-kit/output/server/[22m[36mentries/pages/_layout.server.ts.js                                   [39m[1m[2m  0.09 kB[22m[1m[22m
[2m.svelte-kit/output/server/[22m[36mchunks/shared-server.js                                              [39m[1m[2m  0.21 kB[22m[1m[22m
[2m.svelte-kit/output/server/[22m[36minternal.js                                                          [39m[1m[2m  0.24 kB[22m[1m[22m
[2m.svelte-kit/output/server/[22m[36mentries/pages/_page.svelte.js                                        [39m[1m[2m  0.31 kB[22m[1m[22m
[2m.svelte-kit/output/server/[22m[36mchunks/hooks.server.js                                               [39m[1m[2m  0.52 kB[22m[1m[22m
[2m.svelte-kit/output/server/[22m[36mentries/fallbacks/error.svelte.js                                    [39m[1m[2m  0.89 kB[22m[1m[22m
[2m.svelte-kit/output/server/[22m[36mchunks/index.js                                                      [39m[1m[2m  1.40 kB[22m[1m[22m
[2m.svelte-kit/output/server/[22m[36mchunks/ssr.js                                                        [39m[1m[2m  3.59 kB[22m[1m[22m
[2m.svelte-kit/output/server/[22m[36mchunks/internal.js                                                   [39m[1m[2m 12.34 kB[22m[1m[22m
[2m.svelte-kit/output/server/[22m[36mentries/pages/_layout.svelte.js                                      [39m[1m[2m 12.41 kB[22m[1m[22m
[2m.svelte-kit/output/server/[22m[36mindex.js                                                             [39m[1m[2m109.36 kB[22m[1m[22m

Run [1m[36mnpm run preview[22m[39m to preview your production build locally.
[1m[36m
> Using @sveltejs/adapter-node[22m[39m
  [32mâœ” done[39m
[32mâœ“ built in 4.23s[39m
